[2018-06-08T18:23:50.812] [ERROR] cheese - AwilixResolutionError: Could not resolve 'IndexModel'.

Resolution path: IndexModel
    at resolve (/Volumes/D/jingchengyideng/ydweb/node_modules/_awilix@3.0.8@awilix/lib/container.js:223:23)
    at Object.get (/Volumes/D/jingchengyideng/ydweb/node_modules/_awilix@3.0.8@awilix/lib/container.js:63:32)
    at new UserAPI (/Volumes/D/jingchengyideng/ydweb/dist/controllers/IndexController.js:53:16)
    at newClass (/Volumes/D/jingchengyideng/ydweb/node_modules/_awilix@3.0.8@awilix/lib/resolvers.js:85:24)
    at Object.resolve (/Volumes/D/jingchengyideng/ydweb/node_modules/_awilix@3.0.8@awilix/lib/resolvers.js:291:20)
    at Object.build (/Volumes/D/jingchengyideng/ydweb/node_modules/_awilix@3.0.8@awilix/lib/container.js:289:37)
    at memberInvoker (/Volumes/D/jingchengyideng/ydweb/node_modules/_awilix-koa@2.1.1@awilix-koa/lib/invokers.js:79:38)
    at dispatch (/Volumes/D/jingchengyideng/ydweb/node_modules/_koa-compose@3.2.1@koa-compose/index.js:44:32)
    at next (/Volumes/D/jingchengyideng/ydweb/node_modules/_koa-compose@3.2.1@koa-compose/index.js:45:18)
    at /Volumes/D/jingchengyideng/ydweb/node_modules/_koa-router@7.4.0@koa-router/lib/router.js:346:16
[2018-06-08T18:23:53.451] [ERROR] cheese - AwilixResolutionError: Could not resolve 'IndexModel'.

Resolution path: IndexModel
    at resolve (/Volumes/D/jingchengyideng/ydweb/node_modules/_awilix@3.0.8@awilix/lib/container.js:223:23)
    at Object.get (/Volumes/D/jingchengyideng/ydweb/node_modules/_awilix@3.0.8@awilix/lib/container.js:63:32)
    at new UserAPI (/Volumes/D/jingchengyideng/ydweb/dist/controllers/IndexController.js:53:16)
    at newClass (/Volumes/D/jingchengyideng/ydweb/node_modules/_awilix@3.0.8@awilix/lib/resolvers.js:85:24)
    at Object.resolve (/Volumes/D/jingchengyideng/ydweb/node_modules/_awilix@3.0.8@awilix/lib/resolvers.js:291:20)
    at Object.build (/Volumes/D/jingchengyideng/ydweb/node_modules/_awilix@3.0.8@awilix/lib/container.js:289:37)
    at memberInvoker (/Volumes/D/jingchengyideng/ydweb/node_modules/_awilix-koa@2.1.1@awilix-koa/lib/invokers.js:79:38)
    at dispatch (/Volumes/D/jingchengyideng/ydweb/node_modules/_koa-compose@3.2.1@koa-compose/index.js:44:32)
    at next (/Volumes/D/jingchengyideng/ydweb/node_modules/_koa-compose@3.2.1@koa-compose/index.js:45:18)
    at /Volumes/D/jingchengyideng/ydweb/node_modules/_koa-router@7.4.0@koa-router/lib/router.js:346:16
[2018-06-08T18:25:16.875] [ERROR] cheese - AwilixResolutionError: Could not resolve 'IndexModel'.

Resolution path: IndexModel
    at resolve (/Volumes/D/jingchengyideng/ydweb/node_modules/_awilix@3.0.8@awilix/lib/container.js:223:23)
    at Object.get (/Volumes/D/jingchengyideng/ydweb/node_modules/_awilix@3.0.8@awilix/lib/container.js:63:32)
    at new UserAPI (/Volumes/D/jingchengyideng/ydweb/dist/controllers/IndexController.js:53:16)
    at newClass (/Volumes/D/jingchengyideng/ydweb/node_modules/_awilix@3.0.8@awilix/lib/resolvers.js:85:24)
    at Object.resolve (/Volumes/D/jingchengyideng/ydweb/node_modules/_awilix@3.0.8@awilix/lib/resolvers.js:291:20)
    at Object.build (/Volumes/D/jingchengyideng/ydweb/node_modules/_awilix@3.0.8@awilix/lib/container.js:289:37)
    at memberInvoker (/Volumes/D/jingchengyideng/ydweb/node_modules/_awilix-koa@2.1.1@awilix-koa/lib/invokers.js:79:38)
    at dispatch (/Volumes/D/jingchengyideng/ydweb/node_modules/_koa-compose@3.2.1@koa-compose/index.js:44:32)
    at next (/Volumes/D/jingchengyideng/ydweb/node_modules/_koa-compose@3.2.1@koa-compose/index.js:45:18)
    at /Volumes/D/jingchengyideng/ydweb/node_modules/_koa-router@7.4.0@koa-router/lib/router.js:346:16
[2018-06-08T18:25:18.738] [ERROR] cheese - AwilixResolutionError: Could not resolve 'IndexModel'.

Resolution path: IndexModel
    at resolve (/Volumes/D/jingchengyideng/ydweb/node_modules/_awilix@3.0.8@awilix/lib/container.js:223:23)
    at Object.get (/Volumes/D/jingchengyideng/ydweb/node_modules/_awilix@3.0.8@awilix/lib/container.js:63:32)
    at new UserAPI (/Volumes/D/jingchengyideng/ydweb/dist/controllers/IndexController.js:53:16)
    at newClass (/Volumes/D/jingchengyideng/ydweb/node_modules/_awilix@3.0.8@awilix/lib/resolvers.js:85:24)
    at Object.resolve (/Volumes/D/jingchengyideng/ydweb/node_modules/_awilix@3.0.8@awilix/lib/resolvers.js:291:20)
    at Object.build (/Volumes/D/jingchengyideng/ydweb/node_modules/_awilix@3.0.8@awilix/lib/container.js:289:37)
    at memberInvoker (/Volumes/D/jingchengyideng/ydweb/node_modules/_awilix-koa@2.1.1@awilix-koa/lib/invokers.js:79:38)
    at dispatch (/Volumes/D/jingchengyideng/ydweb/node_modules/_koa-compose@3.2.1@koa-compose/index.js:44:32)
    at next (/Volumes/D/jingchengyideng/ydweb/node_modules/_koa-compose@3.2.1@koa-compose/index.js:45:18)
    at /Volumes/D/jingchengyideng/ydweb/node_modules/_koa-router@7.4.0@koa-router/lib/router.js:346:16
[2018-06-08T18:26:26.887] [ERROR] cheese - AwilixResolutionError: Could not resolve 'IndexModel'.

Resolution path: IndexModel
    at resolve (/Volumes/D/jingchengyideng/ydweb/node_modules/_awilix@3.0.8@awilix/lib/container.js:223:23)
    at Object.get (/Volumes/D/jingchengyideng/ydweb/node_modules/_awilix@3.0.8@awilix/lib/container.js:63:32)
    at new UserAPI (/Volumes/D/jingchengyideng/ydweb/dist/controllers/IndexController.js:53:16)
    at newClass (/Volumes/D/jingchengyideng/ydweb/node_modules/_awilix@3.0.8@awilix/lib/resolvers.js:85:24)
    at Object.resolve (/Volumes/D/jingchengyideng/ydweb/node_modules/_awilix@3.0.8@awilix/lib/resolvers.js:291:20)
    at Object.build (/Volumes/D/jingchengyideng/ydweb/node_modules/_awilix@3.0.8@awilix/lib/container.js:289:37)
    at memberInvoker (/Volumes/D/jingchengyideng/ydweb/node_modules/_awilix-koa@2.1.1@awilix-koa/lib/invokers.js:79:38)
    at dispatch (/Volumes/D/jingchengyideng/ydweb/node_modules/_koa-compose@3.2.1@koa-compose/index.js:44:32)
    at next (/Volumes/D/jingchengyideng/ydweb/node_modules/_koa-compose@3.2.1@koa-compose/index.js:45:18)
    at /Volumes/D/jingchengyideng/ydweb/node_modules/_koa-router@7.4.0@koa-router/lib/router.js:346:16
[2018-06-08T18:26:28.823] [ERROR] cheese - AwilixResolutionError: Could not resolve 'IndexModel'.

Resolution path: IndexModel
    at resolve (/Volumes/D/jingchengyideng/ydweb/node_modules/_awilix@3.0.8@awilix/lib/container.js:223:23)
    at Object.get (/Volumes/D/jingchengyideng/ydweb/node_modules/_awilix@3.0.8@awilix/lib/container.js:63:32)
    at new UserAPI (/Volumes/D/jingchengyideng/ydweb/dist/controllers/IndexController.js:53:16)
    at newClass (/Volumes/D/jingchengyideng/ydweb/node_modules/_awilix@3.0.8@awilix/lib/resolvers.js:85:24)
    at Object.resolve (/Volumes/D/jingchengyideng/ydweb/node_modules/_awilix@3.0.8@awilix/lib/resolvers.js:291:20)
    at Object.build (/Volumes/D/jingchengyideng/ydweb/node_modules/_awilix@3.0.8@awilix/lib/container.js:289:37)
    at memberInvoker (/Volumes/D/jingchengyideng/ydweb/node_modules/_awilix-koa@2.1.1@awilix-koa/lib/invokers.js:79:38)
    at dispatch (/Volumes/D/jingchengyideng/ydweb/node_modules/_koa-compose@3.2.1@koa-compose/index.js:44:32)
    at next (/Volumes/D/jingchengyideng/ydweb/node_modules/_koa-compose@3.2.1@koa-compose/index.js:45:18)
    at /Volumes/D/jingchengyideng/ydweb/node_modules/_koa-router@7.4.0@koa-router/lib/router.js:346:16
[2018-06-08T18:31:34.375] [ERROR] cheese - AwilixResolutionError: Could not resolve 'IndexModel'.

Resolution path: IndexModel
    at resolve (/Volumes/D/jingchengyideng/ydweb/node_modules/_awilix@3.0.8@awilix/lib/container.js:223:23)
    at Object.get (/Volumes/D/jingchengyideng/ydweb/node_modules/_awilix@3.0.8@awilix/lib/container.js:63:32)
    at new UserAPI (/Volumes/D/jingchengyideng/ydweb/dist/controllers/IndexController.js:53:16)
    at newClass (/Volumes/D/jingchengyideng/ydweb/node_modules/_awilix@3.0.8@awilix/lib/resolvers.js:85:24)
    at Object.resolve (/Volumes/D/jingchengyideng/ydweb/node_modules/_awilix@3.0.8@awilix/lib/resolvers.js:291:20)
    at Object.build (/Volumes/D/jingchengyideng/ydweb/node_modules/_awilix@3.0.8@awilix/lib/container.js:289:37)
    at memberInvoker (/Volumes/D/jingchengyideng/ydweb/node_modules/_awilix-koa@2.1.1@awilix-koa/lib/invokers.js:79:38)
    at dispatch (/Volumes/D/jingchengyideng/ydweb/node_modules/_koa-compose@3.2.1@koa-compose/index.js:44:32)
    at next (/Volumes/D/jingchengyideng/ydweb/node_modules/_koa-compose@3.2.1@koa-compose/index.js:45:18)
    at /Volumes/D/jingchengyideng/ydweb/node_modules/_koa-router@7.4.0@koa-router/lib/router.js:346:16
[2018-06-08T18:31:36.389] [ERROR] cheese - AwilixResolutionError: Could not resolve 'IndexModel'.

Resolution path: IndexModel
    at resolve (/Volumes/D/jingchengyideng/ydweb/node_modules/_awilix@3.0.8@awilix/lib/container.js:223:23)
    at Object.get (/Volumes/D/jingchengyideng/ydweb/node_modules/_awilix@3.0.8@awilix/lib/container.js:63:32)
    at new UserAPI (/Volumes/D/jingchengyideng/ydweb/dist/controllers/IndexController.js:53:16)
    at newClass (/Volumes/D/jingchengyideng/ydweb/node_modules/_awilix@3.0.8@awilix/lib/resolvers.js:85:24)
    at Object.resolve (/Volumes/D/jingchengyideng/ydweb/node_modules/_awilix@3.0.8@awilix/lib/resolvers.js:291:20)
    at Object.build (/Volumes/D/jingchengyideng/ydweb/node_modules/_awilix@3.0.8@awilix/lib/container.js:289:37)
    at memberInvoker (/Volumes/D/jingchengyideng/ydweb/node_modules/_awilix-koa@2.1.1@awilix-koa/lib/invokers.js:79:38)
    at dispatch (/Volumes/D/jingchengyideng/ydweb/node_modules/_koa-compose@3.2.1@koa-compose/index.js:44:32)
    at next (/Volumes/D/jingchengyideng/ydweb/node_modules/_koa-compose@3.2.1@koa-compose/index.js:45:18)
    at /Volumes/D/jingchengyideng/ydweb/node_modules/_koa-router@7.4.0@koa-router/lib/router.js:346:16
[2018-06-08T18:31:43.933] [ERROR] cheese - AwilixResolutionError: Could not resolve 'indexModel'. Unknown lifetime "200"

Resolution path: indexModel -> indexModel
    at resolve (/Volumes/D/jingchengyideng/ydweb/node_modules/_awilix@3.0.8@awilix/lib/container.js:267:27)
    at Object.get (/Volumes/D/jingchengyideng/ydweb/node_modules/_awilix@3.0.8@awilix/lib/container.js:63:32)
    at new UserAPI (/Volumes/D/jingchengyideng/ydweb/dist/controllers/IndexController.js:53:16)
    at newClass (/Volumes/D/jingchengyideng/ydweb/node_modules/_awilix@3.0.8@awilix/lib/resolvers.js:85:24)
    at Object.resolve (/Volumes/D/jingchengyideng/ydweb/node_modules/_awilix@3.0.8@awilix/lib/resolvers.js:291:20)
    at Object.build (/Volumes/D/jingchengyideng/ydweb/node_modules/_awilix@3.0.8@awilix/lib/container.js:289:37)
    at memberInvoker (/Volumes/D/jingchengyideng/ydweb/node_modules/_awilix-koa@2.1.1@awilix-koa/lib/invokers.js:79:38)
    at dispatch (/Volumes/D/jingchengyideng/ydweb/node_modules/_koa-compose@3.2.1@koa-compose/index.js:44:32)
    at next (/Volumes/D/jingchengyideng/ydweb/node_modules/_koa-compose@3.2.1@koa-compose/index.js:45:18)
    at /Volumes/D/jingchengyideng/ydweb/node_modules/_koa-router@7.4.0@koa-router/lib/router.js:346:16
[2018-06-08T18:31:45.599] [ERROR] cheese - AwilixResolutionError: Could not resolve 'indexModel'. Unknown lifetime "200"

Resolution path: indexModel -> indexModel
    at resolve (/Volumes/D/jingchengyideng/ydweb/node_modules/_awilix@3.0.8@awilix/lib/container.js:267:27)
    at Object.get (/Volumes/D/jingchengyideng/ydweb/node_modules/_awilix@3.0.8@awilix/lib/container.js:63:32)
    at new UserAPI (/Volumes/D/jingchengyideng/ydweb/dist/controllers/IndexController.js:53:16)
    at newClass (/Volumes/D/jingchengyideng/ydweb/node_modules/_awilix@3.0.8@awilix/lib/resolvers.js:85:24)
    at Object.resolve (/Volumes/D/jingchengyideng/ydweb/node_modules/_awilix@3.0.8@awilix/lib/resolvers.js:291:20)
    at Object.build (/Volumes/D/jingchengyideng/ydweb/node_modules/_awilix@3.0.8@awilix/lib/container.js:289:37)
    at memberInvoker (/Volumes/D/jingchengyideng/ydweb/node_modules/_awilix-koa@2.1.1@awilix-koa/lib/invokers.js:79:38)
    at dispatch (/Volumes/D/jingchengyideng/ydweb/node_modules/_koa-compose@3.2.1@koa-compose/index.js:44:32)
    at next (/Volumes/D/jingchengyideng/ydweb/node_modules/_koa-compose@3.2.1@koa-compose/index.js:45:18)
    at /Volumes/D/jingchengyideng/ydweb/node_modules/_koa-router@7.4.0@koa-router/lib/router.js:346:16
[2018-06-08T18:31:51.109] [ERROR] cheese - AwilixResolutionError: Could not resolve 'indexModel'. Unknown lifetime "200"

Resolution path: indexModel -> indexModel
    at resolve (/Volumes/D/jingchengyideng/ydweb/node_modules/_awilix@3.0.8@awilix/lib/container.js:267:27)
    at Object.get (/Volumes/D/jingchengyideng/ydweb/node_modules/_awilix@3.0.8@awilix/lib/container.js:63:32)
    at new UserAPI (/Volumes/D/jingchengyideng/ydweb/dist/controllers/IndexController.js:53:16)
    at newClass (/Volumes/D/jingchengyideng/ydweb/node_modules/_awilix@3.0.8@awilix/lib/resolvers.js:85:24)
    at Object.resolve (/Volumes/D/jingchengyideng/ydweb/node_modules/_awilix@3.0.8@awilix/lib/resolvers.js:291:20)
    at Object.build (/Volumes/D/jingchengyideng/ydweb/node_modules/_awilix@3.0.8@awilix/lib/container.js:289:37)
    at memberInvoker (/Volumes/D/jingchengyideng/ydweb/node_modules/_awilix-koa@2.1.1@awilix-koa/lib/invokers.js:79:38)
    at dispatch (/Volumes/D/jingchengyideng/ydweb/node_modules/_koa-compose@3.2.1@koa-compose/index.js:44:32)
    at next (/Volumes/D/jingchengyideng/ydweb/node_modules/_koa-compose@3.2.1@koa-compose/index.js:45:18)
    at /Volumes/D/jingchengyideng/ydweb/node_modules/_koa-router@7.4.0@koa-router/lib/router.js:346:16
[2018-06-08T18:34:29.092] [ERROR] cheese - AwilixResolutionError: Could not resolve 'indexModel'. Unknown lifetime "200"

Resolution path: indexModel -> indexModel
    at resolve (/Volumes/D/jingchengyideng/ydweb/node_modules/_awilix@3.0.8@awilix/lib/container.js:267:27)
    at Object.get (/Volumes/D/jingchengyideng/ydweb/node_modules/_awilix@3.0.8@awilix/lib/container.js:63:32)
    at new UserAPI (/Volumes/D/jingchengyideng/ydweb/dist/controllers/IndexController.js:53:16)
    at newClass (/Volumes/D/jingchengyideng/ydweb/node_modules/_awilix@3.0.8@awilix/lib/resolvers.js:85:24)
    at Object.resolve (/Volumes/D/jingchengyideng/ydweb/node_modules/_awilix@3.0.8@awilix/lib/resolvers.js:291:20)
    at Object.build (/Volumes/D/jingchengyideng/ydweb/node_modules/_awilix@3.0.8@awilix/lib/container.js:289:37)
    at memberInvoker (/Volumes/D/jingchengyideng/ydweb/node_modules/_awilix-koa@2.1.1@awilix-koa/lib/invokers.js:79:38)
    at dispatch (/Volumes/D/jingchengyideng/ydweb/node_modules/_koa-compose@3.2.1@koa-compose/index.js:44:32)
    at next (/Volumes/D/jingchengyideng/ydweb/node_modules/_koa-compose@3.2.1@koa-compose/index.js:45:18)
    at /Volumes/D/jingchengyideng/ydweb/node_modules/_koa-router@7.4.0@koa-router/lib/router.js:346:16
